<?xml version="1.0" encoding="UTF-8"?>
<!-- Generated by org.testng.reporters.JUnitReportReporter -->
<testsuite hostname="ojt28-PC" name="DriverFactory.DriverScript" tests="1" failures="0" timestamp="3 Feb 2020 02:44:35 GMT" time="32.104" errors="0">
  <testcase name="startTest" time="32.104" classname="DriverFactory.DriverScript"/>
</testsuite> <!-- DriverFactory.DriverScript -->
